19:12:11.481 [main] INFO  demo.base.TestBase - Initialized driver for chrome
19:12:11.485 [main] INFO  demo.base.TestBase - Navigated to URL.http://www.demo.guru99.com/V4/
19:12:11.545 [main] INFO  demo.testcases.LoginPageTests - Validated login page title.
19:12:12.397 [main] INFO  demo.testcases.LoginPageTests - Closed all browsers.
19:12:25.322 [main] INFO  demo.base.TestBase - Initialized driver for chrome
19:12:25.322 [main] INFO  demo.base.TestBase - Navigated to URL.http://www.demo.guru99.com/V4/
19:12:26.365 [main] INFO  demo.testcases.LoginPageTests - Validated login with invalid user name or password
19:12:27.155 [main] INFO  demo.testcases.LoginPageTests - Closed all browsers.
19:12:37.518 [main] INFO  demo.base.TestBase - Initialized driver for chrome
19:12:37.519 [main] INFO  demo.base.TestBase - Navigated to URL.http://www.demo.guru99.com/V4/
19:12:38.452 [main] INFO  demo.testcases.LoginPageTests - Validated login with invalid user name or password
19:12:39.320 [main] INFO  demo.testcases.LoginPageTests - Closed all browsers.
19:12:49.108 [main] INFO  demo.base.TestBase - Initialized driver for chrome
19:12:49.109 [main] INFO  demo.base.TestBase - Navigated to URL.http://www.demo.guru99.com/V4/
19:12:50.104 [main] INFO  demo.testcases.LoginPageTests - Validated login with invalid user name or password
19:12:50.838 [main] INFO  demo.testcases.LoginPageTests - Closed all browsers.
19:12:58.820 [main] INFO  demo.base.TestBase - Initialized driver for chrome
19:12:58.821 [main] INFO  demo.base.TestBase - Navigated to URL.http://www.demo.guru99.com/V4/
19:13:01.050 [main] INFO  demo.testcases.LoginPageTests - Login in application
19:13:01.062 [main] INFO  demo.testcases.LoginPageTests - Validated Manager page title.
19:13:01.895 [main] INFO  demo.testcases.LoginPageTests - Logout from application
19:13:02.753 [main] INFO  demo.testcases.LoginPageTests - Closed all browsers.
19:13:11.623 [main] INFO  demo.base.TestBase - Initialized driver for chrome
19:13:11.624 [main] INFO  demo.base.TestBase - Navigated to URL.http://www.demo.guru99.com/V4/
19:13:14.055 [main] INFO  demo.testcases.ManagerPageTests - Validated Manager page title
19:13:14.908 [main] INFO  demo.testcases.ManagerPageTests - Clicking on Logout link
19:13:14.926 [main] INFO  demo.testcases.ManagerPageTests - Logout from application.
19:13:15.670 [main] INFO  demo.testcases.ManagerPageTests - Closing all browsers
19:13:25.628 [main] INFO  demo.base.TestBase - Initialized driver for chrome
19:13:25.629 [main] INFO  demo.base.TestBase - Navigated to URL.http://www.demo.guru99.com/V4/
19:13:27.780 [main] INFO  demo.testcases.ManagerPageTests - Verified Manager ID with the userIDManger Id : mngr385648
19:13:28.241 [main] INFO  demo.testcases.ManagerPageTests - Screenshot taken after verification of Manager ID.
19:13:29.171 [main] INFO  demo.testcases.ManagerPageTests - Clicking on Logout link
19:13:29.195 [main] INFO  demo.testcases.ManagerPageTests - Logout from application.
19:13:29.976 [main] INFO  demo.testcases.ManagerPageTests - Closing all browsers
19:13:40.284 [main] INFO  demo.base.TestBase - Initialized driver for chrome
19:13:40.284 [main] INFO  demo.base.TestBase - Navigated to URL.http://www.demo.guru99.com/V4/
19:13:43.060 [main] INFO  demo.testcases.ManagerPageTests - Verified al links present on Manager home page.
19:13:43.860 [main] INFO  demo.testcases.ManagerPageTests - Clicking on Logout link
